<?xml version="1.0" encoding="UTF-8"?>
<testng-results skipped="0" failed="0" ignored="0" total="1" passed="1">
  <reporter-output>
  </reporter-output>
  <suite name="Default suite" duration-ms="2435" started-at="2018-01-02T17:01:56Z" finished-at="2018-01-02T17:01:58Z">
    <groups>
    </groups>
    <test name="Default test" duration-ms="2435" started-at="2018-01-02T17:01:56Z" finished-at="2018-01-02T17:01:58Z">
      <class name="testsuit.TestRstAsrd3">
        <test-method status="PASS" signature="test5()[pri:0, instance:testsuit.TestRstAsrd3@c038203]" name="test5" duration-ms="2389" started-at="2018-01-02T22:31:56Z" finished-at="2018-01-02T22:31:58Z">
          <reporter-output>
          </reporter-output>
        </test-method> <!-- test5 -->
      </class> <!-- testsuit.TestRstAsrd3 -->
    </test> <!-- Default test -->
  </suite> <!-- Default suite -->
</testng-results>
